<?xml version="1.0" encoding="UTF-8"?>
<!-- Generated by org.testng.reporters.JUnitReportReporter -->
<testsuite hostname="SUSHAJA_P_R" failures="0" tests="11" name="Testcases.MakemyTripFlightSearch" time="41.296" errors="0" timestamp="2023-06-26T22:48:29 IST" skipped="0">
  <testcase classname="Testcases.MakemyTripFlightSearch" name="EnterValidSearchCriteria" time="16.270"/>
  <system-out/>
  <testcase classname="Testcases.MakemyTripFlightSearch" name="EnterTravellerAdultData" time="3.625"/>
  <system-out/>
  <testcase classname="Testcases.MakemyTripFlightSearch" name="EnterTravellerChildData" time="0.435"/>
  <system-out/>
  <testcase classname="Testcases.MakemyTripFlightSearch" name="EnterTravellerInfantData" time="0.492"/>
  <system-out/>
  <testcase classname="Testcases.MakemyTripFlightSearch" name="Infant_dob" time="0.489"/>
  <system-out/>
  <testcase classname="Testcases.MakemyTripFlightSearch" name="EnterBooking_Details" time="1.842"/>
  <system-out/>
  <testcase classname="Testcases.MakemyTripFlightSearch" name="Review_Details" time="0.784"/>
  <system-out/>
  <testcase classname="Testcases.MakemyTripFlightSearch" name="Seat_Choose" time="2.493"/>
  <system-out/>
  <testcase classname="Testcases.MakemyTripFlightSearch" name="meal_selection" time="3.208"/>
  <system-out/>
  <testcase classname="Testcases.MakemyTripFlightSearch" name="Proceed_Payment" time="1.425"/>
  <system-out/>
  <testcase classname="Testcases.MakemyTripFlightSearch" name="CreditCardPay" time="10.233"/>
  <system-out/>
</testsuite> <!-- Testcases.MakemyTripFlightSearch -->
