<?xml version="1.0" encoding="UTF-8"?>
<!-- Generated by org.testng.reporters.JUnitReportReporter -->
<testsuite hostname="SUSHAJA_P_R" failures="0" tests="1" name="Pages.HomePage" time="0.014" errors="0" timestamp="2023-06-02T22:09:17 IST" skipped="0">
  <testcase classname="Pages.HomePage" name="Testcase2" time="0.014"/>
  <system-out/>
</testsuite> <!-- Pages.HomePage -->
